[WARN]2024-03-22 10:56:46,304, [main]AbstractBootstrap.java:488, Unknown channel option 'SO_KEEPALIVE' for channel '[id: 0x78060441]'
[WARN]2024-03-22 10:56:46,305, [main]AbstractBootstrap.java:488, Unknown channel option 'TCP_NODELAY' for channel '[id: 0x78060441]'
[INFO]2024-03-22 10:56:46,310, [main]HeisenbergChatroomServer.java:75, WebSocketServer start success, port is:6969
[INFO]2024-03-22 10:56:49,322, [pool-1-thread-schedule]HeisenbergChatroomServer.java:79, scanNotActiveChannel --------
[INFO]2024-03-22 10:56:49,322, [pool-1-thread-schedule]UserInfoManager.java:132, broadCastPing userCount: 0
[INFO]2024-03-22 10:57:39,314, [pool-1-thread-schedule]UserInfoManager.java:132, broadCastPing userCount: 0
[INFO]2024-03-22 10:57:49,315, [pool-1-thread-schedule]HeisenbergChatroomServer.java:79, scanNotActiveChannel --------
[INFO]2024-03-22 10:58:29,312, [pool-1-thread-schedule]UserInfoManager.java:132, broadCastPing userCount: 0
[INFO]2024-03-22 10:58:49,321, [pool-1-thread-schedule]HeisenbergChatroomServer.java:79, scanNotActiveChannel --------
[INFO]2024-03-22 10:59:19,321, [pool-1-thread-schedule]UserInfoManager.java:132, broadCastPing userCount: 0
[INFO]2024-03-22 10:59:49,321, [pool-1-thread-schedule]HeisenbergChatroomServer.java:79, scanNotActiveChannel --------
[INFO]2024-03-22 11:00:09,320, [pool-1-thread-schedule]UserInfoManager.java:132, broadCastPing userCount: 0
[INFO]2024-03-22 11:00:49,317, [pool-1-thread-schedule]HeisenbergChatroomServer.java:79, scanNotActiveChannel --------
[INFO]2024-03-22 11:00:59,319, [pool-1-thread-schedule]UserInfoManager.java:132, broadCastPing userCount: 0
[INFO]2024-03-22 11:01:49,319, [pool-1-thread-schedule]HeisenbergChatroomServer.java:79, scanNotActiveChannel --------
[INFO]2024-03-22 11:01:49,319, [pool-1-thread-schedule]UserInfoManager.java:132, broadCastPing userCount: 0
[INFO]2024-03-22 11:02:39,321, [pool-1-thread-schedule]UserInfoManager.java:132, broadCastPing userCount: 0
[WARN]2024-03-22 11:02:48,094, [Thread-0]TIGHT_TIGHT_TIGHT.java:20, >>>>>>>>>> jvm shutdown
[WARN]2024-03-22 11:02:52,521, [main]AbstractBootstrap.java:488, Unknown channel option 'SO_KEEPALIVE' for channel '[id: 0xa894c02e]'
[WARN]2024-03-22 11:02:52,522, [main]AbstractBootstrap.java:488, Unknown channel option 'TCP_NODELAY' for channel '[id: 0xa894c02e]'
[INFO]2024-03-22 11:02:52,529, [main]HeisenbergChatroomServer.java:75, WebSocketServer start success, port is:6969
[INFO]2024-03-22 11:02:55,542, [pool-1-thread-schedule]HeisenbergChatroomServer.java:79, scanNotActiveChannel --------
[INFO]2024-03-22 11:02:55,543, [pool-1-thread-schedule]UserInfoManager.java:132, broadCastPing userCount: 0
[INFO]2024-03-22 11:03:45,546, [pool-1-thread-schedule]UserInfoManager.java:132, broadCastPing userCount: 0
[INFO]2024-03-22 11:03:55,540, [pool-1-thread-schedule]HeisenbergChatroomServer.java:79, scanNotActiveChannel --------
[INFO]2024-03-22 11:04:35,542, [pool-1-thread-schedule]UserInfoManager.java:132, broadCastPing userCount: 0
[INFO]2024-03-22 11:04:55,544, [pool-1-thread-schedule]HeisenbergChatroomServer.java:79, scanNotActiveChannel --------
[INFO]2024-03-22 11:05:25,532, [pool-1-thread-schedule]UserInfoManager.java:132, broadCastPing userCount: 0
[INFO]2024-03-22 11:05:55,534, [pool-1-thread-schedule]HeisenbergChatroomServer.java:79, scanNotActiveChannel --------
[INFO]2024-03-22 11:06:15,537, [pool-1-thread-schedule]UserInfoManager.java:132, broadCastPing userCount: 0
[INFO]2024-03-22 11:06:55,544, [pool-1-thread-schedule]HeisenbergChatroomServer.java:79, scanNotActiveChannel --------
[INFO]2024-03-22 11:07:05,545, [pool-1-thread-schedule]UserInfoManager.java:132, broadCastPing userCount: 0
[INFO]2024-03-22 11:07:55,539, [pool-1-thread-schedule]HeisenbergChatroomServer.java:79, scanNotActiveChannel --------
[INFO]2024-03-22 11:07:55,539, [pool-1-thread-schedule]UserInfoManager.java:132, broadCastPing userCount: 0
[INFO]2024-03-22 11:08:45,536, [pool-1-thread-schedule]UserInfoManager.java:132, broadCastPing userCount: 0
[INFO]2024-03-22 11:08:55,539, [pool-1-thread-schedule]HeisenbergChatroomServer.java:79, scanNotActiveChannel --------
[INFO]2024-03-22 11:09:35,542, [pool-1-thread-schedule]UserInfoManager.java:132, broadCastPing userCount: 0
[INFO]2024-03-22 11:09:55,536, [pool-1-thread-schedule]HeisenbergChatroomServer.java:79, scanNotActiveChannel --------
[INFO]2024-03-22 11:10:25,542, [pool-1-thread-schedule]UserInfoManager.java:132, broadCastPing userCount: 0
[INFO]2024-03-22 11:10:55,536, [pool-1-thread-schedule]HeisenbergChatroomServer.java:79, scanNotActiveChannel --------
[INFO]2024-03-22 11:11:15,543, [pool-1-thread-schedule]UserInfoManager.java:132, broadCastPing userCount: 0
[INFO]2024-03-22 11:11:55,544, [pool-1-thread-schedule]HeisenbergChatroomServer.java:79, scanNotActiveChannel --------
[INFO]2024-03-22 11:12:05,539, [pool-1-thread-schedule]UserInfoManager.java:132, broadCastPing userCount: 0
[INFO]2024-03-22 11:12:55,540, [pool-1-thread-schedule]UserInfoManager.java:132, broadCastPing userCount: 0
[INFO]2024-03-22 11:12:55,540, [pool-1-thread-schedule]HeisenbergChatroomServer.java:79, scanNotActiveChannel --------
[INFO]2024-03-22 11:13:45,534, [pool-1-thread-schedule]UserInfoManager.java:132, broadCastPing userCount: 0
[INFO]2024-03-22 11:13:55,540, [pool-1-thread-schedule]HeisenbergChatroomServer.java:79, scanNotActiveChannel --------
[INFO]2024-03-22 11:14:35,539, [pool-1-thread-schedule]UserInfoManager.java:132, broadCastPing userCount: 0
[INFO]2024-03-22 11:14:55,532, [pool-1-thread-schedule]HeisenbergChatroomServer.java:79, scanNotActiveChannel --------
[INFO]2024-03-22 11:15:25,537, [pool-1-thread-schedule]UserInfoManager.java:132, broadCastPing userCount: 0
[INFO]2024-03-22 11:15:55,535, [pool-1-thread-schedule]HeisenbergChatroomServer.java:79, scanNotActiveChannel --------
[INFO]2024-03-22 11:16:15,541, [pool-1-thread-schedule]UserInfoManager.java:132, broadCastPing userCount: 0
[INFO]2024-03-22 11:16:55,538, [pool-1-thread-schedule]HeisenbergChatroomServer.java:79, scanNotActiveChannel --------
[INFO]2024-03-22 11:17:05,543, [pool-1-thread-schedule]UserInfoManager.java:132, broadCastPing userCount: 0
[INFO]2024-03-22 11:17:55,537, [pool-1-thread-schedule]HeisenbergChatroomServer.java:79, scanNotActiveChannel --------
[INFO]2024-03-22 11:17:55,537, [pool-1-thread-schedule]UserInfoManager.java:132, broadCastPing userCount: 0
[INFO]2024-03-22 11:18:45,538, [pool-1-thread-schedule]UserInfoManager.java:132, broadCastPing userCount: 0
[INFO]2024-03-22 11:18:55,540, [pool-1-thread-schedule]HeisenbergChatroomServer.java:79, scanNotActiveChannel --------
[INFO]2024-03-22 11:19:35,534, [pool-1-thread-schedule]UserInfoManager.java:132, broadCastPing userCount: 0
[INFO]2024-03-22 11:19:55,532, [pool-1-thread-schedule]HeisenbergChatroomServer.java:79, scanNotActiveChannel --------
[INFO]2024-03-22 11:20:25,539, [pool-1-thread-schedule]UserInfoManager.java:132, broadCastPing userCount: 0
[WARN]2024-03-22 11:20:40,991, [DEFAULTEVENTLOOPGROUP_2]UserInfoManager.java:65, channel will be remove, address is :127.0.0.1:64217
[WARN]2024-03-22 11:20:40,991, [DEFAULTEVENTLOOPGROUP_1]UserInfoManager.java:65, channel will be remove, address is :[0:0:0:0:0:0:0:1]:64215
[INFO]2024-03-22 11:20:55,538, [pool-1-thread-schedule]HeisenbergChatroomServer.java:79, scanNotActiveChannel --------
[INFO]2024-03-22 11:21:15,536, [pool-1-thread-schedule]UserInfoManager.java:132, broadCastPing userCount: 0
[INFO]2024-03-22 11:21:55,542, [pool-1-thread-schedule]HeisenbergChatroomServer.java:79, scanNotActiveChannel --------
[INFO]2024-03-22 11:22:05,541, [pool-1-thread-schedule]UserInfoManager.java:132, broadCastPing userCount: 0
[INFO]2024-03-22 11:22:55,543, [pool-1-thread-schedule]HeisenbergChatroomServer.java:79, scanNotActiveChannel --------
[INFO]2024-03-22 11:22:55,543, [pool-1-thread-schedule]UserInfoManager.java:132, broadCastPing userCount: 0
[INFO]2024-03-22 11:23:45,536, [pool-1-thread-schedule]UserInfoManager.java:132, broadCastPing userCount: 0
[INFO]2024-03-22 11:23:55,540, [pool-1-thread-schedule]HeisenbergChatroomServer.java:79, scanNotActiveChannel --------
[INFO]2024-03-22 11:24:35,532, [pool-1-thread-schedule]UserInfoManager.java:132, broadCastPing userCount: 0
[INFO]2024-03-22 11:24:55,540, [pool-1-thread-schedule]HeisenbergChatroomServer.java:79, scanNotActiveChannel --------
[INFO]2024-03-22 11:25:25,531, [pool-1-thread-schedule]UserInfoManager.java:132, broadCastPing userCount: 0
[INFO]2024-03-22 11:25:55,537, [pool-1-thread-schedule]HeisenbergChatroomServer.java:79, scanNotActiveChannel --------
[INFO]2024-03-22 11:26:15,537, [pool-1-thread-schedule]UserInfoManager.java:132, broadCastPing userCount: 0
[INFO]2024-03-22 11:26:55,538, [pool-1-thread-schedule]HeisenbergChatroomServer.java:79, scanNotActiveChannel --------
[INFO]2024-03-22 11:27:05,543, [pool-1-thread-schedule]UserInfoManager.java:132, broadCastPing userCount: 0
[INFO]2024-03-22 11:27:55,541, [pool-1-thread-schedule]HeisenbergChatroomServer.java:79, scanNotActiveChannel --------
[INFO]2024-03-22 11:27:55,541, [pool-1-thread-schedule]UserInfoManager.java:132, broadCastPing userCount: 0
[INFO]2024-03-22 11:28:45,543, [pool-1-thread-schedule]UserInfoManager.java:132, broadCastPing userCount: 0
[INFO]2024-03-22 11:28:55,535, [pool-1-thread-schedule]HeisenbergChatroomServer.java:79, scanNotActiveChannel --------
[INFO]2024-03-22 11:29:35,543, [pool-1-thread-schedule]UserInfoManager.java:132, broadCastPing userCount: 0
[INFO]2024-03-22 11:29:55,542, [pool-1-thread-schedule]HeisenbergChatroomServer.java:79, scanNotActiveChannel --------
[INFO]2024-03-22 11:30:25,542, [pool-1-thread-schedule]UserInfoManager.java:132, broadCastPing userCount: 0
[INFO]2024-03-22 11:30:55,531, [pool-1-thread-schedule]HeisenbergChatroomServer.java:79, scanNotActiveChannel --------
[INFO]2024-03-22 11:31:15,538, [pool-1-thread-schedule]UserInfoManager.java:132, broadCastPing userCount: 0
[INFO]2024-03-22 11:31:55,536, [pool-1-thread-schedule]HeisenbergChatroomServer.java:79, scanNotActiveChannel --------
[INFO]2024-03-22 11:32:05,546, [pool-1-thread-schedule]UserInfoManager.java:132, broadCastPing userCount: 0
[WARN]2024-03-22 11:32:48,244, [DEFAULTEVENTLOOPGROUP_3]UserInfoManager.java:65, channel will be remove, address is :[0:0:0:0:0:0:0:1]:65223
[WARN]2024-03-22 11:32:48,244, [DEFAULTEVENTLOOPGROUP_4]UserInfoManager.java:65, channel will be remove, address is :127.0.0.1:65225
[INFO]2024-03-22 11:32:55,544, [pool-1-thread-schedule]UserInfoManager.java:132, broadCastPing userCount: 0
[INFO]2024-03-22 11:32:55,544, [pool-1-thread-schedule]HeisenbergChatroomServer.java:79, scanNotActiveChannel --------
[WARN]2024-03-22 11:32:56,527, [DEFAULTEVENTLOOPGROUP_5]UserInfoManager.java:65, channel will be remove, address is :[0:0:0:0:0:0:0:1]:65302
[INFO]2024-03-22 11:33:45,536, [pool-1-thread-schedule]UserInfoManager.java:132, broadCastPing userCount: 0
[INFO]2024-03-22 11:33:55,546, [pool-1-thread-schedule]HeisenbergChatroomServer.java:79, scanNotActiveChannel --------
[WARN]2024-03-22 11:34:00,014, [DEFAULTEVENTLOOPGROUP_6]UserAuthHandler.java:30, NETTY SERVER PIPELINE: IDLE exception [[0:0:0:0:0:0:0:1]:65310]
[WARN]2024-03-22 11:34:00,014, [DEFAULTEVENTLOOPGROUP_6]UserInfoManager.java:65, channel will be remove, address is :[0:0:0:0:0:0:0:1]:65310
[WARN]2024-03-22 11:34:00,015, [DEFAULTEVENTLOOPGROUP_6]UserInfoManager.java:65, channel will be remove, address is :[0:0:0:0:0:0:0:1]:65310
[WARN]2024-03-22 11:34:02,369, [DEFAULTEVENTLOOPGROUP_7]UserAuthHandler.java:30, NETTY SERVER PIPELINE: IDLE exception [127.0.0.1:65312]
[WARN]2024-03-22 11:34:02,370, [DEFAULTEVENTLOOPGROUP_7]UserInfoManager.java:65, channel will be remove, address is :127.0.0.1:65312
[WARN]2024-03-22 11:34:02,370, [DEFAULTEVENTLOOPGROUP_7]UserInfoManager.java:65, channel will be remove, address is :127.0.0.1:65312
[WARN]2024-03-22 11:34:29,389, [DEFAULTEVENTLOOPGROUP_8]UserInfoManager.java:65, channel will be remove, address is :[0:0:0:0:0:0:0:1]:65352
[WARN]2024-03-22 11:34:29,389, [DEFAULTEVENTLOOPGROUP_1]UserInfoManager.java:65, channel will be remove, address is :127.0.0.1:65353
[INFO]2024-03-22 11:34:35,540, [pool-1-thread-schedule]UserInfoManager.java:132, broadCastPing userCount: 0
[INFO]2024-03-22 11:34:55,533, [pool-1-thread-schedule]HeisenbergChatroomServer.java:79, scanNotActiveChannel --------
[INFO]2024-03-22 11:35:25,542, [pool-1-thread-schedule]UserInfoManager.java:132, broadCastPing userCount: 0
[INFO]2024-03-22 11:35:55,543, [pool-1-thread-schedule]HeisenbergChatroomServer.java:79, scanNotActiveChannel --------
[INFO]2024-03-22 11:36:15,535, [pool-1-thread-schedule]UserInfoManager.java:132, broadCastPing userCount: 0
[WARN]2024-03-22 11:36:23,149, [DEFAULTEVENTLOOPGROUP_2]UserAuthHandler.java:30, NETTY SERVER PIPELINE: IDLE exception [[0:0:0:0:0:0:0:1]:65461]
[WARN]2024-03-22 11:36:23,149, [DEFAULTEVENTLOOPGROUP_2]UserInfoManager.java:65, channel will be remove, address is :[0:0:0:0:0:0:0:1]:65461
[WARN]2024-03-22 11:36:23,149, [DEFAULTEVENTLOOPGROUP_2]UserInfoManager.java:65, channel will be remove, address is :[0:0:0:0:0:0:0:1]:65461
[WARN]2024-03-22 11:36:54,178, [Thread-0]TIGHT_TIGHT_TIGHT.java:20, >>>>>>>>>> jvm shutdown
[WARN]2024-03-22 11:36:54,285, [DEFAULTEVENTLOOPGROUP_4]UserInfoManager.java:65, channel will be remove, address is :[0:0:0:0:0:0:0:1]:65520
[WARN]2024-03-22 11:36:54,285, [DEFAULTEVENTLOOPGROUP_3]UserInfoManager.java:65, channel will be remove, address is :127.0.0.1:65483
[WARN]2024-03-22 11:37:38,114, [main]AbstractBootstrap.java:488, Unknown channel option 'SO_KEEPALIVE' for channel '[id: 0x719d14fa]'
[WARN]2024-03-22 11:37:38,114, [main]AbstractBootstrap.java:488, Unknown channel option 'TCP_NODELAY' for channel '[id: 0x719d14fa]'
[INFO]2024-03-22 11:37:38,120, [main]HeisenbergChatroomServer.java:75, WebSocketServer start success, port is:6969
[INFO]2024-03-22 11:37:41,130, [pool-1-thread-schedule]HeisenbergChatroomServer.java:79, scanNotActiveChannel --------
[INFO]2024-03-22 11:37:41,131, [pool-1-thread-schedule]UserInfoManager.java:132, broadCastPing userCount: 0
[WARN]2024-03-22 11:37:58,603, [DEFAULTEVENTLOOPGROUP_1]UserInfoManager.java:65, channel will be remove, address is :[0:0:0:0:0:0:0:1]:49226
[INFO]2024-03-22 11:38:31,128, [pool-1-thread-schedule]UserInfoManager.java:132, broadCastPing userCount: 0
[INFO]2024-03-22 11:38:41,130, [pool-1-thread-schedule]HeisenbergChatroomServer.java:79, scanNotActiveChannel --------
[WARN]2024-03-22 11:38:55,957, [DEFAULTEVENTLOOPGROUP_2]UserInfoManager.java:65, channel will be remove, address is :[0:0:0:0:0:0:0:1]:49232
[INFO]2024-03-22 11:39:21,132, [pool-1-thread-schedule]UserInfoManager.java:132, broadCastPing userCount: 0
[WARN]2024-03-22 11:39:33,186, [DEFAULTEVENTLOOPGROUP_3]UserInfoManager.java:65, channel will be remove, address is :127.0.0.1:49326
[INFO]2024-03-22 11:39:41,134, [pool-1-thread-schedule]HeisenbergChatroomServer.java:79, scanNotActiveChannel --------
[INFO]2024-03-22 11:40:11,127, [pool-1-thread-schedule]UserInfoManager.java:132, broadCastPing userCount: 0
[INFO]2024-03-22 11:40:41,126, [pool-1-thread-schedule]HeisenbergChatroomServer.java:79, scanNotActiveChannel --------
[INFO]2024-03-22 11:41:01,137, [pool-1-thread-schedule]UserInfoManager.java:132, broadCastPing userCount: 0
[WARN]2024-03-22 11:41:33,666, [Thread-0]TIGHT_TIGHT_TIGHT.java:20, >>>>>>>>>> jvm shutdown
[WARN]2024-03-22 11:41:33,771, [DEFAULTEVENTLOOPGROUP_4]UserInfoManager.java:65, channel will be remove, address is :127.0.0.1:49698
[WARN]2024-03-22 11:41:36,123, [main]AbstractBootstrap.java:488, Unknown channel option 'SO_KEEPALIVE' for channel '[id: 0x464d7942]'
[WARN]2024-03-22 11:41:36,124, [main]AbstractBootstrap.java:488, Unknown channel option 'TCP_NODELAY' for channel '[id: 0x464d7942]'
[INFO]2024-03-22 11:41:36,131, [main]HeisenbergChatroomServer.java:75, WebSocketServer start success, port is:6969
[INFO]2024-03-22 11:41:39,134, [pool-1-thread-schedule]HeisenbergChatroomServer.java:79, scanNotActiveChannel --------
[INFO]2024-03-22 11:41:39,134, [pool-1-thread-schedule]UserInfoManager.java:132, broadCastPing userCount: 0
[WARN]2024-03-22 11:42:00,852, [DEFAULTEVENTLOOPGROUP_1]UserInfoManager.java:65, channel will be remove, address is :127.0.0.1:49769
[INFO]2024-03-22 11:42:29,144, [pool-1-thread-schedule]UserInfoManager.java:132, broadCastPing userCount: 0
[INFO]2024-03-22 11:42:39,146, [pool-1-thread-schedule]HeisenbergChatroomServer.java:79, scanNotActiveChannel --------
[WARN]2024-03-22 11:43:03,796, [DEFAULTEVENTLOOPGROUP_2]UserAuthHandler.java:30, NETTY SERVER PIPELINE: IDLE exception [127.0.0.1:49804]
[WARN]2024-03-22 11:43:03,796, [DEFAULTEVENTLOOPGROUP_2]UserInfoManager.java:65, channel will be remove, address is :127.0.0.1:49804
[WARN]2024-03-22 11:43:03,797, [DEFAULTEVENTLOOPGROUP_2]UserInfoManager.java:65, channel will be remove, address is :127.0.0.1:49804
[INFO]2024-03-22 11:43:19,147, [pool-1-thread-schedule]UserInfoManager.java:132, broadCastPing userCount: 0
[WARN]2024-03-22 11:43:25,933, [DEFAULTEVENTLOOPGROUP_3]UserInfoManager.java:65, channel will be remove, address is :127.0.0.1:49865
[INFO]2024-03-22 11:43:39,139, [pool-1-thread-schedule]HeisenbergChatroomServer.java:79, scanNotActiveChannel --------
[INFO]2024-03-22 11:44:09,139, [pool-1-thread-schedule]UserInfoManager.java:132, broadCastPing userCount: 0
[WARN]2024-03-22 11:44:14,132, [Thread-0]TIGHT_TIGHT_TIGHT.java:20, >>>>>>>>>> jvm shutdown
[WARN]2024-03-22 11:44:37,704, [main]AbstractBootstrap.java:488, Unknown channel option 'SO_KEEPALIVE' for channel '[id: 0xb88ad2c1]'
[WARN]2024-03-22 11:44:37,704, [main]AbstractBootstrap.java:488, Unknown channel option 'TCP_NODELAY' for channel '[id: 0xb88ad2c1]'
[INFO]2024-03-22 11:44:37,711, [main]HeisenbergChatroomServer.java:75, WebSocketServer start success, port is:6969
[INFO]2024-03-22 11:44:40,716, [pool-1-thread-schedule]HeisenbergChatroomServer.java:79, scanNotActiveChannel --------
[INFO]2024-03-22 11:44:40,717, [pool-1-thread-schedule]UserInfoManager.java:132, broadCastPing userCount: 0
[WARN]2024-03-22 11:44:53,531, [Thread-0]TIGHT_TIGHT_TIGHT.java:20, >>>>>>>>>> jvm shutdown
[WARN]2024-03-22 11:44:53,642, [DEFAULTEVENTLOOPGROUP_2]UserInfoManager.java:65, channel will be remove, address is :127.0.0.1:50078
[WARN]2024-03-22 11:44:53,642, [DEFAULTEVENTLOOPGROUP_3]UserInfoManager.java:65, channel will be remove, address is :127.0.0.1:50079
[WARN]2024-03-22 11:44:53,642, [DEFAULTEVENTLOOPGROUP_4]UserInfoManager.java:65, channel will be remove, address is :127.0.0.1:50080
[WARN]2024-03-22 11:44:53,642, [DEFAULTEVENTLOOPGROUP_1]UserInfoManager.java:65, channel will be remove, address is :127.0.0.1:50076
[WARN]2024-03-22 11:45:01,748, [main]AbstractBootstrap.java:488, Unknown channel option 'SO_KEEPALIVE' for channel '[id: 0xcd2ddc59]'
[WARN]2024-03-22 11:45:01,749, [main]AbstractBootstrap.java:488, Unknown channel option 'TCP_NODELAY' for channel '[id: 0xcd2ddc59]'
[INFO]2024-03-22 11:45:01,755, [main]HeisenbergChatroomServer.java:75, WebSocketServer start success, port is:6969
[INFO]2024-03-22 11:45:04,759, [pool-1-thread-schedule]HeisenbergChatroomServer.java:79, scanNotActiveChannel --------
[INFO]2024-03-22 11:45:04,763, [pool-1-thread-schedule]UserInfoManager.java:132, broadCastPing userCount: 0
[INFO]2024-03-22 11:45:56,133, [pool-1-thread-schedule]UserInfoManager.java:132, broadCastPing userCount: 0
[INFO]2024-03-22 11:46:05,844, [pool-1-thread-schedule]HeisenbergChatroomServer.java:79, scanNotActiveChannel --------
[WARN]2024-03-22 11:46:08,123, [pool-1-thread-schedule]UserInfoManager.java:65, channel will be remove, address is :127.0.0.1:50102
[WARN]2024-03-22 11:46:22,061, [DEFAULTEVENTLOOPGROUP_1]UserInfoManager.java:65, channel will be remove, address is :127.0.0.1:50102
[INFO]2024-03-22 11:46:44,764, [pool-1-thread-schedule]UserInfoManager.java:132, broadCastPing userCount: 1
[INFO]2024-03-22 11:47:13,929, [pool-1-thread-schedule]HeisenbergChatroomServer.java:79, scanNotActiveChannel --------
[INFO]2024-03-22 11:47:13,930, [DEFAULTEVENTLOOPGROUP_2]UserAuthHandler.java:99, receive pong message, address: 127.0.0.1:50179
[WARN]2024-03-22 11:47:32,399, [DEFAULTEVENTLOOPGROUP_7]UserInfoManager.java:65, channel will be remove, address is :127.0.0.1:50238
[WARN]2024-03-22 11:47:32,399, [DEFAULTEVENTLOOPGROUP_4]UserInfoManager.java:65, channel will be remove, address is :127.0.0.1:50230
[WARN]2024-03-22 11:47:32,399, [DEFAULTEVENTLOOPGROUP_3]UserInfoManager.java:65, channel will be remove, address is :127.0.0.1:50243
[WARN]2024-03-22 11:47:32,399, [DEFAULTEVENTLOOPGROUP_6]UserInfoManager.java:65, channel will be remove, address is :127.0.0.1:50255
[WARN]2024-03-22 11:47:32,399, [DEFAULTEVENTLOOPGROUP_7]UserInfoManager.java:65, channel will be remove, address is :127.0.0.1:50238
[WARN]2024-03-22 11:47:32,399, [DEFAULTEVENTLOOPGROUP_5]UserInfoManager.java:65, channel will be remove, address is :127.0.0.1:50249
[WARN]2024-03-22 11:47:32,399, [DEFAULTEVENTLOOPGROUP_8]UserInfoManager.java:65, channel will be remove, address is :127.0.0.1:50239
[WARN]2024-03-22 11:47:32,399, [DEFAULTEVENTLOOPGROUP_2]UserInfoManager.java:65, channel will be remove, address is :127.0.0.1:50242
[WARN]2024-03-22 11:47:32,399, [DEFAULTEVENTLOOPGROUP_1]UserInfoManager.java:65, channel will be remove, address is :127.0.0.1:50240
[WARN]2024-03-22 11:47:32,692, [DEFAULTEVENTLOOPGROUP_8]UserInfoManager.java:65, channel will be remove, address is :127.0.0.1:50239
[WARN]2024-03-22 11:47:32,692, [DEFAULTEVENTLOOPGROUP_5]UserInfoManager.java:65, channel will be remove, address is :127.0.0.1:50249
[WARN]2024-03-22 11:47:32,692, [DEFAULTEVENTLOOPGROUP_1]UserInfoManager.java:65, channel will be remove, address is :127.0.0.1:50240
[WARN]2024-03-22 11:47:32,692, [DEFAULTEVENTLOOPGROUP_6]UserInfoManager.java:65, channel will be remove, address is :127.0.0.1:50255
[WARN]2024-03-22 11:47:32,692, [DEFAULTEVENTLOOPGROUP_4]UserInfoManager.java:65, channel will be remove, address is :127.0.0.1:50244
[WARN]2024-03-22 11:47:32,692, [DEFAULTEVENTLOOPGROUP_2]UserInfoManager.java:65, channel will be remove, address is :127.0.0.1:50242
[WARN]2024-03-22 11:47:32,887, [DEFAULTEVENTLOOPGROUP_4]UserInfoManager.java:65, channel will be remove, address is :127.0.0.1:50244
[WARN]2024-03-22 11:47:32,887, [DEFAULTEVENTLOOPGROUP_3]UserInfoManager.java:65, channel will be remove, address is :127.0.0.1:50224
[WARN]2024-03-22 11:47:33,254, [DEFAULTEVENTLOOPGROUP_4]UserInfoManager.java:65, channel will be remove, address is :127.0.0.1:50230
[WARN]2024-03-22 11:47:33,254, [DEFAULTEVENTLOOPGROUP_2]UserInfoManager.java:65, channel will be remove, address is :127.0.0.1:50179
[WARN]2024-03-22 11:47:33,254, [DEFAULTEVENTLOOPGROUP_3]UserInfoManager.java:65, channel will be remove, address is :127.0.0.1:50243
[WARN]2024-03-22 11:47:33,254, [DEFAULTEVENTLOOPGROUP_6]UserInfoManager.java:65, channel will be remove, address is :127.0.0.1:50233
[WARN]2024-03-22 11:47:33,254, [DEFAULTEVENTLOOPGROUP_5]UserInfoManager.java:65, channel will be remove, address is :127.0.0.1:50231
[WARN]2024-03-22 11:47:33,254, [DEFAULTEVENTLOOPGROUP_2]UserInfoManager.java:65, channel will be remove, address is :127.0.0.1:50179
[WARN]2024-03-22 11:47:33,254, [DEFAULTEVENTLOOPGROUP_5]UserInfoManager.java:65, channel will be remove, address is :127.0.0.1:50231
[WARN]2024-03-22 11:47:33,254, [DEFAULTEVENTLOOPGROUP_6]UserInfoManager.java:65, channel will be remove, address is :127.0.0.1:50233
[WARN]2024-03-22 11:47:33,254, [DEFAULTEVENTLOOPGROUP_3]UserInfoManager.java:65, channel will be remove, address is :127.0.0.1:50224
[INFO]2024-03-22 11:47:34,767, [pool-1-thread-schedule]UserInfoManager.java:132, broadCastPing userCount: 0
[INFO]2024-03-22 11:48:04,759, [pool-1-thread-schedule]HeisenbergChatroomServer.java:79, scanNotActiveChannel --------
[INFO]2024-03-22 11:48:24,770, [pool-1-thread-schedule]UserInfoManager.java:132, broadCastPing userCount: 1
[INFO]2024-03-22 11:48:28,041, [DEFAULTEVENTLOOPGROUP_7]UserAuthHandler.java:99, receive pong message, address: 127.0.0.1:50293
[WARN]2024-03-22 11:48:28,091, [Thread-0]TIGHT_TIGHT_TIGHT.java:20, >>>>>>>>>> jvm shutdown
[WARN]2024-03-22 11:48:28,189, [DEFAULTEVENTLOOPGROUP_7]UserInfoManager.java:65, channel will be remove, address is :127.0.0.1:50293
[WARN]2024-03-22 11:53:47,283, [main]AbstractBootstrap.java:488, Unknown channel option 'SO_KEEPALIVE' for channel '[id: 0xb5e0e672]'
[WARN]2024-03-22 11:53:47,284, [main]AbstractBootstrap.java:488, Unknown channel option 'TCP_NODELAY' for channel '[id: 0xb5e0e672]'
[INFO]2024-03-22 11:53:47,291, [main]HeisenbergChatroomServer.java:75, WebSocketServer start success, port is:6969
[INFO]2024-03-22 11:53:50,306, [pool-1-thread-schedule]HeisenbergChatroomServer.java:79, scanNotActiveChannel --------
[INFO]2024-03-22 11:53:50,307, [pool-1-thread-schedule]UserInfoManager.java:132, broadCastPing userCount: 0
[INFO]2024-03-22 11:54:40,296, [pool-1-thread-schedule]UserInfoManager.java:132, broadCastPing userCount: 1
[INFO]2024-03-22 11:54:40,299, [DEFAULTEVENTLOOPGROUP_1]UserAuthHandler.java:99, receive pong message, address: 127.0.0.1:50666
[INFO]2024-03-22 11:54:50,300, [pool-1-thread-schedule]HeisenbergChatroomServer.java:79, scanNotActiveChannel --------
[INFO]2024-03-22 11:55:30,292, [pool-1-thread-schedule]UserInfoManager.java:132, broadCastPing userCount: 1
[INFO]2024-03-22 11:55:30,293, [DEFAULTEVENTLOOPGROUP_1]UserAuthHandler.java:99, receive pong message, address: 127.0.0.1:50666
[INFO]2024-03-22 11:55:50,293, [pool-1-thread-schedule]HeisenbergChatroomServer.java:79, scanNotActiveChannel --------
[WARN]2024-03-22 11:56:14,999, [Thread-0]TIGHT_TIGHT_TIGHT.java:20, >>>>>>>>>> jvm shutdown
[WARN]2024-03-22 11:56:15,099, [DEFAULTEVENTLOOPGROUP_1]UserInfoManager.java:65, channel will be remove, address is :127.0.0.1:50666
[WARN]2024-03-22 11:56:17,697, [main]AbstractBootstrap.java:488, Unknown channel option 'SO_KEEPALIVE' for channel '[id: 0x24971240]'
[WARN]2024-03-22 11:56:17,697, [main]AbstractBootstrap.java:488, Unknown channel option 'TCP_NODELAY' for channel '[id: 0x24971240]'
[INFO]2024-03-22 11:56:17,703, [main]HeisenbergChatroomServer.java:75, WebSocketServer start success, port is:6969
[INFO]2024-03-22 11:56:20,716, [pool-1-thread-schedule]HeisenbergChatroomServer.java:79, scanNotActiveChannel --------
[INFO]2024-03-22 11:56:20,716, [pool-1-thread-schedule]UserInfoManager.java:132, broadCastPing userCount: 0
[INFO]2024-03-22 11:57:10,707, [pool-1-thread-schedule]UserInfoManager.java:132, broadCastPing userCount: 1
[INFO]2024-03-22 11:57:10,709, [DEFAULTEVENTLOOPGROUP_1]UserAuthHandler.java:100, receive pong message, address: 127.0.0.1:50817
[INFO]2024-03-22 11:57:20,707, [pool-1-thread-schedule]HeisenbergChatroomServer.java:79, scanNotActiveChannel --------
[INFO]2024-03-22 11:58:00,717, [pool-1-thread-schedule]UserInfoManager.java:132, broadCastPing userCount: 1
[INFO]2024-03-22 11:58:00,718, [DEFAULTEVENTLOOPGROUP_1]UserAuthHandler.java:100, receive pong message, address: 127.0.0.1:50817
[INFO]2024-03-22 11:58:20,719, [pool-1-thread-schedule]HeisenbergChatroomServer.java:79, scanNotActiveChannel --------
[WARN]2024-03-22 11:58:39,896, [Thread-0]TIGHT_TIGHT_TIGHT.java:20, >>>>>>>>>> jvm shutdown
[WARN]2024-03-22 11:58:40,004, [DEFAULTEVENTLOOPGROUP_1]UserInfoManager.java:65, channel will be remove, address is :127.0.0.1:50817
[WARN]2024-03-22 11:58:42,730, [main]AbstractBootstrap.java:488, Unknown channel option 'SO_KEEPALIVE' for channel '[id: 0x23879987]'
[WARN]2024-03-22 11:58:42,731, [main]AbstractBootstrap.java:488, Unknown channel option 'TCP_NODELAY' for channel '[id: 0x23879987]'
[INFO]2024-03-22 11:58:42,737, [main]HeisenbergChatroomServer.java:75, WebSocketServer start success, port is:6969
[INFO]2024-03-22 11:58:45,740, [pool-1-thread-schedule]HeisenbergChatroomServer.java:79, scanNotActiveChannel --------
[INFO]2024-03-22 11:58:45,741, [pool-1-thread-schedule]UserInfoManager.java:132, broadCastPing userCount: 0
[WARN]2024-03-22 11:59:35,205, [Thread-0]TIGHT_TIGHT_TIGHT.java:20, >>>>>>>>>> jvm shutdown
[WARN]2024-03-22 11:59:35,307, [DEFAULTEVENTLOOPGROUP_1]UserInfoManager.java:65, channel will be remove, address is :127.0.0.1:51031
[WARN]2024-03-22 12:05:54,304, [main]AbstractBootstrap.java:488, Unknown channel option 'SO_KEEPALIVE' for channel '[id: 0xa8d01b8d]'
[WARN]2024-03-22 12:05:54,306, [main]AbstractBootstrap.java:488, Unknown channel option 'TCP_NODELAY' for channel '[id: 0xa8d01b8d]'
[INFO]2024-03-22 12:05:54,312, [main]HeisenbergChatroomServer.java:75, WebSocketServer start success, port is:6969
[INFO]2024-03-22 12:05:57,326, [pool-1-thread-schedule]HeisenbergChatroomServer.java:81, scanNotActiveChannel --------
[INFO]2024-03-22 12:05:57,327, [pool-1-thread-schedule]UserInfoManager.java:132, broadCastPing userCount: 0
[WARN]2024-03-22 12:06:07,229, [Thread-0]TIGHT_TIGHT_TIGHT.java:20, >>>>>>>>>> jvm shutdown
[WARN]2024-03-22 12:06:10,012, [main]AbstractBootstrap.java:488, Unknown channel option 'SO_KEEPALIVE' for channel '[id: 0x08429b44]'
[WARN]2024-03-22 12:06:10,014, [main]AbstractBootstrap.java:488, Unknown channel option 'TCP_NODELAY' for channel '[id: 0x08429b44]'
[INFO]2024-03-22 12:06:10,019, [main]HeisenbergChatroomServer.java:75, WebSocketServer start success, port is:6969
[INFO]2024-03-22 12:06:13,035, [pool-1-thread-schedule]HeisenbergChatroomServer.java:81, scanNotActiveChannel >>>>> 
[INFO]2024-03-22 12:06:13,036, [pool-1-thread-schedule]UserInfoManager.java:132, broadCastPing userCount: 0
[INFO]2024-03-22 12:07:03,024, [pool-1-thread-schedule]UserInfoManager.java:132, broadCastPing userCount: 1
[INFO]2024-03-22 12:07:03,027, [DEFAULTEVENTLOOPGROUP_1]UserAuthHandler.java:100, receive pong message, address: 127.0.0.1:51512
[INFO]2024-03-22 12:07:13,020, [pool-1-thread-schedule]HeisenbergChatroomServer.java:81, scanNotActiveChannel >>>>> 
[INFO]2024-03-22 12:07:53,023, [pool-1-thread-schedule]UserInfoManager.java:132, broadCastPing userCount: 1
[INFO]2024-03-22 12:07:53,025, [DEFAULTEVENTLOOPGROUP_1]UserAuthHandler.java:100, receive pong message, address: 127.0.0.1:51512
[WARN]2024-03-22 12:08:09,738, [DEFAULTEVENTLOOPGROUP_1]UserInfoManager.java:65, channel will be remove, address is :127.0.0.1:51512
[INFO]2024-03-22 12:50:13,782, [pool-1-thread-schedule]UserInfoManager.java:132, broadCastPing userCount: 0
[INFO]2024-03-22 12:50:13,782, [pool-1-thread-schedule]HeisenbergChatroomServer.java:81, scanNotActiveChannel >>>>> 
[INFO]2024-03-22 12:50:13,782, [pool-1-thread-schedule]UserInfoManager.java:132, broadCastPing userCount: 0
[INFO]2024-03-22 12:50:13,782, [pool-1-thread-schedule]HeisenbergChatroomServer.java:81, scanNotActiveChannel >>>>> 
[INFO]2024-03-22 12:50:13,782, [pool-1-thread-schedule]UserInfoManager.java:132, broadCastPing userCount: 0
[INFO]2024-03-22 12:50:13,782, [pool-1-thread-schedule]HeisenbergChatroomServer.java:81, scanNotActiveChannel >>>>> 
[INFO]2024-03-22 12:50:13,783, [pool-1-thread-schedule]HeisenbergChatroomServer.java:81, scanNotActiveChannel >>>>> 
[INFO]2024-03-22 12:50:13,783, [pool-1-thread-schedule]UserInfoManager.java:132, broadCastPing userCount: 0
[INFO]2024-03-22 12:50:13,783, [pool-1-thread-schedule]HeisenbergChatroomServer.java:81, scanNotActiveChannel >>>>> 
[INFO]2024-03-22 12:50:13,783, [pool-1-thread-schedule]UserInfoManager.java:132, broadCastPing userCount: 0
[INFO]2024-03-22 12:50:13,783, [pool-1-thread-schedule]HeisenbergChatroomServer.java:81, scanNotActiveChannel >>>>> 
[INFO]2024-03-22 12:50:13,783, [pool-1-thread-schedule]UserInfoManager.java:132, broadCastPing userCount: 0
[INFO]2024-03-22 12:50:13,783, [pool-1-thread-schedule]HeisenbergChatroomServer.java:81, scanNotActiveChannel >>>>> 
[INFO]2024-03-22 12:50:13,783, [pool-1-thread-schedule]UserInfoManager.java:132, broadCastPing userCount: 0
[INFO]2024-03-22 12:50:13,783, [pool-1-thread-schedule]HeisenbergChatroomServer.java:81, scanNotActiveChannel >>>>> 
[INFO]2024-03-22 12:50:13,783, [pool-1-thread-schedule]UserInfoManager.java:132, broadCastPing userCount: 0
[INFO]2024-03-22 12:50:13,783, [pool-1-thread-schedule]HeisenbergChatroomServer.java:81, scanNotActiveChannel >>>>> 
[INFO]2024-03-22 12:50:13,783, [pool-1-thread-schedule]UserInfoManager.java:132, broadCastPing userCount: 0
[INFO]2024-03-22 12:50:13,783, [pool-1-thread-schedule]HeisenbergChatroomServer.java:81, scanNotActiveChannel >>>>> 
[INFO]2024-03-22 12:50:13,783, [pool-1-thread-schedule]UserInfoManager.java:132, broadCastPing userCount: 0
[INFO]2024-03-22 12:50:13,783, [pool-1-thread-schedule]HeisenbergChatroomServer.java:81, scanNotActiveChannel >>>>> 
[INFO]2024-03-22 12:50:13,784, [pool-1-thread-schedule]UserInfoManager.java:132, broadCastPing userCount: 0
[INFO]2024-03-22 12:50:13,784, [pool-1-thread-schedule]HeisenbergChatroomServer.java:81, scanNotActiveChannel >>>>> 
[INFO]2024-03-22 12:50:13,784, [pool-1-thread-schedule]UserInfoManager.java:132, broadCastPing userCount: 0
[INFO]2024-03-22 12:50:13,784, [pool-1-thread-schedule]HeisenbergChatroomServer.java:81, scanNotActiveChannel >>>>> 
[INFO]2024-03-22 12:50:13,784, [pool-1-thread-schedule]UserInfoManager.java:132, broadCastPing userCount: 0
[INFO]2024-03-22 12:50:13,784, [pool-1-thread-schedule]HeisenbergChatroomServer.java:81, scanNotActiveChannel >>>>> 
[INFO]2024-03-22 12:50:13,784, [pool-1-thread-schedule]UserInfoManager.java:132, broadCastPing userCount: 0
[INFO]2024-03-22 12:50:13,784, [pool-1-thread-schedule]HeisenbergChatroomServer.java:81, scanNotActiveChannel >>>>> 
[INFO]2024-03-22 12:50:13,784, [pool-1-thread-schedule]UserInfoManager.java:132, broadCastPing userCount: 0
[INFO]2024-03-22 12:50:13,784, [pool-1-thread-schedule]HeisenbergChatroomServer.java:81, scanNotActiveChannel >>>>> 
[INFO]2024-03-22 12:50:13,784, [pool-1-thread-schedule]UserInfoManager.java:132, broadCastPing userCount: 0
[INFO]2024-03-22 12:50:13,784, [pool-1-thread-schedule]HeisenbergChatroomServer.java:81, scanNotActiveChannel >>>>> 
[INFO]2024-03-22 12:50:13,784, [pool-1-thread-schedule]UserInfoManager.java:132, broadCastPing userCount: 0
[INFO]2024-03-22 12:50:13,784, [pool-1-thread-schedule]HeisenbergChatroomServer.java:81, scanNotActiveChannel >>>>> 
[INFO]2024-03-22 12:50:13,784, [pool-1-thread-schedule]HeisenbergChatroomServer.java:81, scanNotActiveChannel >>>>> 
[INFO]2024-03-22 12:50:13,784, [pool-1-thread-schedule]UserInfoManager.java:132, broadCastPing userCount: 0
[INFO]2024-03-22 12:50:13,785, [pool-1-thread-schedule]HeisenbergChatroomServer.java:81, scanNotActiveChannel >>>>> 
[INFO]2024-03-22 12:50:13,785, [pool-1-thread-schedule]UserInfoManager.java:132, broadCastPing userCount: 0
[INFO]2024-03-22 12:50:13,785, [pool-1-thread-schedule]HeisenbergChatroomServer.java:81, scanNotActiveChannel >>>>> 
[INFO]2024-03-22 12:50:13,785, [pool-1-thread-schedule]UserInfoManager.java:132, broadCastPing userCount: 0
[INFO]2024-03-22 12:50:13,785, [pool-1-thread-schedule]HeisenbergChatroomServer.java:81, scanNotActiveChannel >>>>> 
[INFO]2024-03-22 12:50:13,785, [pool-1-thread-schedule]HeisenbergChatroomServer.java:81, scanNotActiveChannel >>>>> 
[INFO]2024-03-22 12:50:13,785, [pool-1-thread-schedule]UserInfoManager.java:132, broadCastPing userCount: 0
[INFO]2024-03-22 12:50:13,785, [pool-1-thread-schedule]HeisenbergChatroomServer.java:81, scanNotActiveChannel >>>>> 
[INFO]2024-03-22 12:50:13,785, [pool-1-thread-schedule]UserInfoManager.java:132, broadCastPing userCount: 0
[INFO]2024-03-22 12:50:13,785, [pool-1-thread-schedule]HeisenbergChatroomServer.java:81, scanNotActiveChannel >>>>> 
[INFO]2024-03-22 12:50:13,786, [pool-1-thread-schedule]HeisenbergChatroomServer.java:81, scanNotActiveChannel >>>>> 
[INFO]2024-03-22 12:50:13,786, [pool-1-thread-schedule]UserInfoManager.java:132, broadCastPing userCount: 0
[INFO]2024-03-22 12:50:13,786, [pool-1-thread-schedule]UserInfoManager.java:132, broadCastPing userCount: 0
[INFO]2024-03-22 12:50:13,786, [pool-1-thread-schedule]HeisenbergChatroomServer.java:81, scanNotActiveChannel >>>>> 
[INFO]2024-03-22 12:50:13,786, [pool-1-thread-schedule]UserInfoManager.java:132, broadCastPing userCount: 0
[INFO]2024-03-22 12:50:13,786, [pool-1-thread-schedule]HeisenbergChatroomServer.java:81, scanNotActiveChannel >>>>> 
[INFO]2024-03-22 12:50:13,786, [pool-1-thread-schedule]UserInfoManager.java:132, broadCastPing userCount: 0
[INFO]2024-03-22 12:50:13,786, [pool-1-thread-schedule]HeisenbergChatroomServer.java:81, scanNotActiveChannel >>>>> 
[INFO]2024-03-22 12:50:13,786, [pool-1-thread-schedule]UserInfoManager.java:132, broadCastPing userCount: 0
[INFO]2024-03-22 12:50:13,786, [pool-1-thread-schedule]HeisenbergChatroomServer.java:81, scanNotActiveChannel >>>>> 
[INFO]2024-03-22 12:50:13,786, [pool-1-thread-schedule]UserInfoManager.java:132, broadCastPing userCount: 0
[INFO]2024-03-22 12:50:13,786, [pool-1-thread-schedule]HeisenbergChatroomServer.java:81, scanNotActiveChannel >>>>> 
[INFO]2024-03-22 12:50:13,786, [pool-1-thread-schedule]UserInfoManager.java:132, broadCastPing userCount: 0
[INFO]2024-03-22 12:50:13,786, [pool-1-thread-schedule]HeisenbergChatroomServer.java:81, scanNotActiveChannel >>>>> 
[INFO]2024-03-22 12:50:13,786, [pool-1-thread-schedule]UserInfoManager.java:132, broadCastPing userCount: 0
[INFO]2024-03-22 12:50:13,786, [pool-1-thread-schedule]HeisenbergChatroomServer.java:81, scanNotActiveChannel >>>>> 
[INFO]2024-03-22 12:50:13,787, [pool-1-thread-schedule]UserInfoManager.java:132, broadCastPing userCount: 0
[INFO]2024-03-22 12:50:13,787, [pool-1-thread-schedule]HeisenbergChatroomServer.java:81, scanNotActiveChannel >>>>> 
[INFO]2024-03-22 12:50:13,787, [pool-1-thread-schedule]UserInfoManager.java:132, broadCastPing userCount: 0
[INFO]2024-03-22 12:50:13,787, [pool-1-thread-schedule]UserInfoManager.java:132, broadCastPing userCount: 0
[INFO]2024-03-22 12:50:13,787, [pool-1-thread-schedule]UserInfoManager.java:132, broadCastPing userCount: 0
[INFO]2024-03-22 12:50:13,787, [pool-1-thread-schedule]UserInfoManager.java:132, broadCastPing userCount: 0
[INFO]2024-03-22 12:50:13,787, [pool-1-thread-schedule]UserInfoManager.java:132, broadCastPing userCount: 0
[INFO]2024-03-22 12:50:13,787, [pool-1-thread-schedule]HeisenbergChatroomServer.java:81, scanNotActiveChannel >>>>> 
[INFO]2024-03-22 12:50:13,787, [pool-1-thread-schedule]UserInfoManager.java:132, broadCastPing userCount: 0
[INFO]2024-03-22 12:50:13,787, [pool-1-thread-schedule]HeisenbergChatroomServer.java:81, scanNotActiveChannel >>>>> 
[INFO]2024-03-22 12:50:13,787, [pool-1-thread-schedule]UserInfoManager.java:132, broadCastPing userCount: 0
[INFO]2024-03-22 12:50:13,787, [pool-1-thread-schedule]HeisenbergChatroomServer.java:81, scanNotActiveChannel >>>>> 
[INFO]2024-03-22 12:50:13,787, [pool-1-thread-schedule]UserInfoManager.java:132, broadCastPing userCount: 0
[INFO]2024-03-22 12:50:13,788, [pool-1-thread-schedule]HeisenbergChatroomServer.java:81, scanNotActiveChannel >>>>> 
[INFO]2024-03-22 12:50:13,788, [pool-1-thread-schedule]UserInfoManager.java:132, broadCastPing userCount: 0
[INFO]2024-03-22 12:50:13,788, [pool-1-thread-schedule]UserInfoManager.java:132, broadCastPing userCount: 0
[INFO]2024-03-22 12:50:13,788, [pool-1-thread-schedule]HeisenbergChatroomServer.java:81, scanNotActiveChannel >>>>> 
[INFO]2024-03-22 12:50:13,788, [pool-1-thread-schedule]HeisenbergChatroomServer.java:81, scanNotActiveChannel >>>>> 
[INFO]2024-03-22 12:50:13,788, [pool-1-thread-schedule]HeisenbergChatroomServer.java:81, scanNotActiveChannel >>>>> 
[INFO]2024-03-22 12:50:13,788, [pool-1-thread-schedule]HeisenbergChatroomServer.java:81, scanNotActiveChannel >>>>> 
[INFO]2024-03-22 12:50:13,788, [pool-1-thread-schedule]UserInfoManager.java:132, broadCastPing userCount: 0
[INFO]2024-03-22 12:50:13,788, [pool-1-thread-schedule]HeisenbergChatroomServer.java:81, scanNotActiveChannel >>>>> 
[INFO]2024-03-22 12:50:13,789, [pool-1-thread-schedule]UserInfoManager.java:132, broadCastPing userCount: 0
[INFO]2024-03-22 12:50:13,789, [pool-1-thread-schedule]UserInfoManager.java:132, broadCastPing userCount: 0
[INFO]2024-03-22 12:50:13,789, [pool-1-thread-schedule]UserInfoManager.java:132, broadCastPing userCount: 0
[INFO]2024-03-22 12:50:13,789, [pool-1-thread-schedule]UserInfoManager.java:132, broadCastPing userCount: 0
[INFO]2024-03-22 12:50:13,789, [pool-1-thread-schedule]UserInfoManager.java:132, broadCastPing userCount: 0
[INFO]2024-03-22 12:50:13,789, [pool-1-thread-schedule]UserInfoManager.java:132, broadCastPing userCount: 0
[INFO]2024-03-22 12:50:13,789, [pool-1-thread-schedule]UserInfoManager.java:132, broadCastPing userCount: 0
[INFO]2024-03-22 12:50:13,789, [pool-1-thread-schedule]UserInfoManager.java:132, broadCastPing userCount: 0
[INFO]2024-03-22 12:50:23,032, [pool-1-thread-schedule]UserInfoManager.java:132, broadCastPing userCount: 0
[INFO]2024-03-22 12:51:13,026, [pool-1-thread-schedule]UserInfoManager.java:132, broadCastPing userCount: 0
[INFO]2024-03-22 12:51:13,026, [pool-1-thread-schedule]HeisenbergChatroomServer.java:81, scanNotActiveChannel >>>>> 
[INFO]2024-03-22 12:52:03,036, [pool-1-thread-schedule]UserInfoManager.java:132, broadCastPing userCount: 0
[INFO]2024-03-22 12:52:13,031, [pool-1-thread-schedule]HeisenbergChatroomServer.java:81, scanNotActiveChannel >>>>> 
[INFO]2024-03-22 12:52:53,024, [pool-1-thread-schedule]UserInfoManager.java:132, broadCastPing userCount: 0
[INFO]2024-03-22 12:53:13,022, [pool-1-thread-schedule]HeisenbergChatroomServer.java:81, scanNotActiveChannel >>>>> 
[INFO]2024-03-22 12:53:43,025, [pool-1-thread-schedule]UserInfoManager.java:132, broadCastPing userCount: 0
[INFO]2024-03-22 12:54:13,024, [pool-1-thread-schedule]HeisenbergChatroomServer.java:81, scanNotActiveChannel >>>>> 
[INFO]2024-03-22 12:54:33,024, [pool-1-thread-schedule]UserInfoManager.java:132, broadCastPing userCount: 0
[INFO]2024-03-22 12:55:13,021, [pool-1-thread-schedule]HeisenbergChatroomServer.java:81, scanNotActiveChannel >>>>> 
[INFO]2024-03-22 12:55:23,026, [pool-1-thread-schedule]UserInfoManager.java:132, broadCastPing userCount: 0
[INFO]2024-03-22 12:56:13,031, [pool-1-thread-schedule]UserInfoManager.java:132, broadCastPing userCount: 0
[INFO]2024-03-22 12:56:13,031, [pool-1-thread-schedule]HeisenbergChatroomServer.java:81, scanNotActiveChannel >>>>> 
[INFO]2024-03-22 12:57:03,023, [pool-1-thread-schedule]UserInfoManager.java:132, broadCastPing userCount: 0
[INFO]2024-03-22 12:57:13,025, [pool-1-thread-schedule]HeisenbergChatroomServer.java:81, scanNotActiveChannel >>>>> 
[INFO]2024-03-22 12:57:53,024, [pool-1-thread-schedule]UserInfoManager.java:132, broadCastPing userCount: 0
[INFO]2024-03-22 12:58:13,023, [pool-1-thread-schedule]HeisenbergChatroomServer.java:81, scanNotActiveChannel >>>>> 
[INFO]2024-03-22 12:58:43,023, [pool-1-thread-schedule]UserInfoManager.java:132, broadCastPing userCount: 0
[INFO]2024-03-22 12:59:13,024, [pool-1-thread-schedule]HeisenbergChatroomServer.java:81, scanNotActiveChannel >>>>> 
[INFO]2024-03-22 12:59:33,024, [pool-1-thread-schedule]UserInfoManager.java:132, broadCastPing userCount: 0
[INFO]2024-03-22 13:00:13,029, [pool-1-thread-schedule]HeisenbergChatroomServer.java:81, scanNotActiveChannel >>>>> 
[INFO]2024-03-22 13:00:23,028, [pool-1-thread-schedule]UserInfoManager.java:132, broadCastPing userCount: 0
[INFO]2024-03-22 13:01:13,022, [pool-1-thread-schedule]HeisenbergChatroomServer.java:81, scanNotActiveChannel >>>>> 
[INFO]2024-03-22 13:01:13,022, [pool-1-thread-schedule]UserInfoManager.java:132, broadCastPing userCount: 0
[INFO]2024-03-22 13:02:03,031, [pool-1-thread-schedule]UserInfoManager.java:132, broadCastPing userCount: 0
[INFO]2024-03-22 13:02:13,022, [pool-1-thread-schedule]HeisenbergChatroomServer.java:81, scanNotActiveChannel >>>>> 
[INFO]2024-03-22 13:02:53,030, [pool-1-thread-schedule]UserInfoManager.java:132, broadCastPing userCount: 0
[INFO]2024-03-22 13:03:13,023, [pool-1-thread-schedule]HeisenbergChatroomServer.java:81, scanNotActiveChannel >>>>> 
[INFO]2024-03-22 13:03:43,025, [pool-1-thread-schedule]UserInfoManager.java:132, broadCastPing userCount: 0
[INFO]2024-03-22 13:04:13,035, [pool-1-thread-schedule]HeisenbergChatroomServer.java:81, scanNotActiveChannel >>>>> 
[INFO]2024-03-22 13:04:33,022, [pool-1-thread-schedule]UserInfoManager.java:132, broadCastPing userCount: 0
[INFO]2024-03-22 13:05:13,022, [pool-1-thread-schedule]HeisenbergChatroomServer.java:81, scanNotActiveChannel >>>>> 
[INFO]2024-03-22 13:05:23,026, [pool-1-thread-schedule]UserInfoManager.java:132, broadCastPing userCount: 0
[INFO]2024-03-22 13:06:13,031, [pool-1-thread-schedule]HeisenbergChatroomServer.java:81, scanNotActiveChannel >>>>> 
[INFO]2024-03-22 13:06:13,031, [pool-1-thread-schedule]UserInfoManager.java:132, broadCastPing userCount: 0
[INFO]2024-03-22 13:07:03,033, [pool-1-thread-schedule]UserInfoManager.java:132, broadCastPing userCount: 0
[INFO]2024-03-22 13:07:13,028, [pool-1-thread-schedule]HeisenbergChatroomServer.java:81, scanNotActiveChannel >>>>> 
[INFO]2024-03-22 13:07:53,024, [pool-1-thread-schedule]UserInfoManager.java:132, broadCastPing userCount: 0
[INFO]2024-03-22 13:08:13,022, [pool-1-thread-schedule]HeisenbergChatroomServer.java:81, scanNotActiveChannel >>>>> 
[INFO]2024-03-22 13:08:43,027, [pool-1-thread-schedule]UserInfoManager.java:132, broadCastPing userCount: 0
[INFO]2024-03-22 13:09:13,029, [pool-1-thread-schedule]HeisenbergChatroomServer.java:81, scanNotActiveChannel >>>>> 
[INFO]2024-03-22 13:09:33,025, [pool-1-thread-schedule]UserInfoManager.java:132, broadCastPing userCount: 0
[INFO]2024-03-22 13:10:13,024, [pool-1-thread-schedule]HeisenbergChatroomServer.java:81, scanNotActiveChannel >>>>> 
[INFO]2024-03-22 13:10:23,031, [pool-1-thread-schedule]UserInfoManager.java:132, broadCastPing userCount: 0
[INFO]2024-03-22 13:11:13,023, [pool-1-thread-schedule]UserInfoManager.java:132, broadCastPing userCount: 0
[INFO]2024-03-22 13:11:13,023, [pool-1-thread-schedule]HeisenbergChatroomServer.java:81, scanNotActiveChannel >>>>> 
[INFO]2024-03-22 13:12:03,029, [pool-1-thread-schedule]UserInfoManager.java:132, broadCastPing userCount: 0
[INFO]2024-03-22 13:12:13,023, [pool-1-thread-schedule]HeisenbergChatroomServer.java:81, scanNotActiveChannel >>>>> 
[INFO]2024-03-22 13:12:53,025, [pool-1-thread-schedule]UserInfoManager.java:132, broadCastPing userCount: 0
[INFO]2024-03-22 13:13:13,029, [pool-1-thread-schedule]HeisenbergChatroomServer.java:81, scanNotActiveChannel >>>>> 
[INFO]2024-03-22 13:13:43,025, [pool-1-thread-schedule]UserInfoManager.java:132, broadCastPing userCount: 0
[INFO]2024-03-22 13:14:13,028, [pool-1-thread-schedule]HeisenbergChatroomServer.java:81, scanNotActiveChannel >>>>> 
[INFO]2024-03-22 13:14:33,032, [pool-1-thread-schedule]UserInfoManager.java:132, broadCastPing userCount: 0
[INFO]2024-03-22 13:15:13,026, [pool-1-thread-schedule]HeisenbergChatroomServer.java:81, scanNotActiveChannel >>>>> 
[INFO]2024-03-22 13:15:23,022, [pool-1-thread-schedule]UserInfoManager.java:132, broadCastPing userCount: 0
[INFO]2024-03-22 13:16:13,035, [pool-1-thread-schedule]UserInfoManager.java:132, broadCastPing userCount: 0
[INFO]2024-03-22 13:16:13,035, [pool-1-thread-schedule]HeisenbergChatroomServer.java:81, scanNotActiveChannel >>>>> 
[INFO]2024-03-22 13:17:03,026, [pool-1-thread-schedule]UserInfoManager.java:132, broadCastPing userCount: 0
[INFO]2024-03-22 13:17:13,020, [pool-1-thread-schedule]HeisenbergChatroomServer.java:81, scanNotActiveChannel >>>>> 
[INFO]2024-03-22 13:17:53,026, [pool-1-thread-schedule]UserInfoManager.java:132, broadCastPing userCount: 0
[INFO]2024-03-22 13:18:13,029, [pool-1-thread-schedule]HeisenbergChatroomServer.java:81, scanNotActiveChannel >>>>> 
[INFO]2024-03-22 13:18:43,034, [pool-1-thread-schedule]UserInfoManager.java:132, broadCastPing userCount: 0
[INFO]2024-03-22 13:19:13,030, [pool-1-thread-schedule]HeisenbergChatroomServer.java:81, scanNotActiveChannel >>>>> 
[INFO]2024-03-22 13:19:33,030, [pool-1-thread-schedule]UserInfoManager.java:132, broadCastPing userCount: 0
[INFO]2024-03-22 13:20:13,029, [pool-1-thread-schedule]HeisenbergChatroomServer.java:81, scanNotActiveChannel >>>>> 
[INFO]2024-03-22 13:20:23,024, [pool-1-thread-schedule]UserInfoManager.java:132, broadCastPing userCount: 0
[INFO]2024-03-22 13:21:13,023, [pool-1-thread-schedule]UserInfoManager.java:132, broadCastPing userCount: 0
[INFO]2024-03-22 13:21:13,023, [pool-1-thread-schedule]HeisenbergChatroomServer.java:81, scanNotActiveChannel >>>>> 
[INFO]2024-03-22 13:22:03,022, [pool-1-thread-schedule]UserInfoManager.java:132, broadCastPing userCount: 0
[INFO]2024-03-22 13:22:13,024, [pool-1-thread-schedule]HeisenbergChatroomServer.java:81, scanNotActiveChannel >>>>> 
[INFO]2024-03-22 13:22:53,035, [pool-1-thread-schedule]UserInfoManager.java:132, broadCastPing userCount: 0
[INFO]2024-03-22 13:23:13,023, [pool-1-thread-schedule]HeisenbergChatroomServer.java:81, scanNotActiveChannel >>>>> 
[INFO]2024-03-22 13:23:43,032, [pool-1-thread-schedule]UserInfoManager.java:132, broadCastPing userCount: 0
[INFO]2024-03-22 13:24:13,023, [pool-1-thread-schedule]HeisenbergChatroomServer.java:81, scanNotActiveChannel >>>>> 
[INFO]2024-03-22 13:24:33,022, [pool-1-thread-schedule]UserInfoManager.java:132, broadCastPing userCount: 0
[INFO]2024-03-22 13:25:13,025, [pool-1-thread-schedule]HeisenbergChatroomServer.java:81, scanNotActiveChannel >>>>> 
[INFO]2024-03-22 13:25:23,024, [pool-1-thread-schedule]UserInfoManager.java:132, broadCastPing userCount: 0
[INFO]2024-03-22 13:26:13,036, [pool-1-thread-schedule]HeisenbergChatroomServer.java:81, scanNotActiveChannel >>>>> 
[INFO]2024-03-22 13:26:13,036, [pool-1-thread-schedule]UserInfoManager.java:132, broadCastPing userCount: 0
[INFO]2024-03-22 13:27:03,034, [pool-1-thread-schedule]UserInfoManager.java:132, broadCastPing userCount: 0
[INFO]2024-03-22 13:27:13,025, [pool-1-thread-schedule]HeisenbergChatroomServer.java:81, scanNotActiveChannel >>>>> 
[INFO]2024-03-22 13:27:53,022, [pool-1-thread-schedule]UserInfoManager.java:132, broadCastPing userCount: 0
[INFO]2024-03-22 13:28:13,021, [pool-1-thread-schedule]HeisenbergChatroomServer.java:81, scanNotActiveChannel >>>>> 
[INFO]2024-03-22 13:28:43,023, [pool-1-thread-schedule]UserInfoManager.java:132, broadCastPing userCount: 0
[INFO]2024-03-22 13:29:13,020, [pool-1-thread-schedule]HeisenbergChatroomServer.java:81, scanNotActiveChannel >>>>> 
[INFO]2024-03-22 13:29:33,024, [pool-1-thread-schedule]UserInfoManager.java:132, broadCastPing userCount: 0
[INFO]2024-03-22 13:30:13,023, [pool-1-thread-schedule]HeisenbergChatroomServer.java:81, scanNotActiveChannel >>>>> 
[INFO]2024-03-22 13:30:23,025, [pool-1-thread-schedule]UserInfoManager.java:132, broadCastPing userCount: 0
[INFO]2024-03-22 13:31:13,033, [pool-1-thread-schedule]HeisenbergChatroomServer.java:81, scanNotActiveChannel >>>>> 
[INFO]2024-03-22 13:31:13,033, [pool-1-thread-schedule]UserInfoManager.java:132, broadCastPing userCount: 0
[INFO]2024-03-22 13:32:03,024, [pool-1-thread-schedule]UserInfoManager.java:132, broadCastPing userCount: 0
[INFO]2024-03-22 13:32:13,024, [pool-1-thread-schedule]HeisenbergChatroomServer.java:81, scanNotActiveChannel >>>>> 
[INFO]2024-03-22 13:32:53,021, [pool-1-thread-schedule]UserInfoManager.java:132, broadCastPing userCount: 0
[INFO]2024-03-22 13:33:13,033, [pool-1-thread-schedule]HeisenbergChatroomServer.java:81, scanNotActiveChannel >>>>> 
[INFO]2024-03-22 13:33:43,027, [pool-1-thread-schedule]UserInfoManager.java:132, broadCastPing userCount: 0
[INFO]2024-03-22 13:34:13,023, [pool-1-thread-schedule]HeisenbergChatroomServer.java:81, scanNotActiveChannel >>>>> 
[INFO]2024-03-22 13:34:33,022, [pool-1-thread-schedule]UserInfoManager.java:132, broadCastPing userCount: 0
[INFO]2024-03-22 13:35:13,022, [pool-1-thread-schedule]HeisenbergChatroomServer.java:81, scanNotActiveChannel >>>>> 
[INFO]2024-03-22 13:35:23,034, [pool-1-thread-schedule]UserInfoManager.java:132, broadCastPing userCount: 0
[INFO]2024-03-22 13:36:13,034, [pool-1-thread-schedule]UserInfoManager.java:132, broadCastPing userCount: 0
[INFO]2024-03-22 13:36:13,034, [pool-1-thread-schedule]HeisenbergChatroomServer.java:81, scanNotActiveChannel >>>>> 
[INFO]2024-03-22 13:37:03,034, [pool-1-thread-schedule]UserInfoManager.java:132, broadCastPing userCount: 0
[INFO]2024-03-22 13:37:13,025, [pool-1-thread-schedule]HeisenbergChatroomServer.java:81, scanNotActiveChannel >>>>> 
[INFO]2024-03-22 13:37:53,023, [pool-1-thread-schedule]UserInfoManager.java:132, broadCastPing userCount: 0
[INFO]2024-03-22 13:38:13,022, [pool-1-thread-schedule]HeisenbergChatroomServer.java:81, scanNotActiveChannel >>>>> 
[INFO]2024-03-22 13:38:43,028, [pool-1-thread-schedule]UserInfoManager.java:132, broadCastPing userCount: 0
[INFO]2024-03-22 13:39:13,024, [pool-1-thread-schedule]HeisenbergChatroomServer.java:81, scanNotActiveChannel >>>>> 
[INFO]2024-03-22 13:39:33,031, [pool-1-thread-schedule]UserInfoManager.java:132, broadCastPing userCount: 0
[INFO]2024-03-22 13:40:13,026, [pool-1-thread-schedule]HeisenbergChatroomServer.java:81, scanNotActiveChannel >>>>> 
[INFO]2024-03-22 13:40:23,023, [pool-1-thread-schedule]UserInfoManager.java:132, broadCastPing userCount: 0
[WARN]2024-03-22 13:40:26,568, [Thread-0]TIGHT_TIGHT_TIGHT.java:20, >>>>>>>>>> jvm shutdown
[WARN]2024-03-22 14:03:28,170, [main]AbstractBootstrap.java:488, Unknown channel option 'SO_KEEPALIVE' for channel '[id: 0x934fb330]'
[WARN]2024-03-22 14:03:28,171, [main]AbstractBootstrap.java:488, Unknown channel option 'TCP_NODELAY' for channel '[id: 0x934fb330]'
[INFO]2024-03-22 14:03:28,178, [main]HeisenbergChatroomServer.java:75, WebSocketServer start success, port is:6969
[INFO]2024-03-22 14:03:31,192, [pool-1-thread-schedule]HeisenbergChatroomServer.java:81, scanNotActiveChannel >>>>> 
[INFO]2024-03-22 14:03:31,193, [pool-1-thread-schedule]UserInfoManager.java:132, broadCastPing userCount: 0
[INFO]2024-03-22 14:04:21,184, [pool-1-thread-schedule]UserInfoManager.java:132, broadCastPing userCount: 0
[INFO]2024-03-22 14:04:31,180, [pool-1-thread-schedule]HeisenbergChatroomServer.java:81, scanNotActiveChannel >>>>> 
[INFO]2024-03-22 14:05:11,183, [pool-1-thread-schedule]UserInfoManager.java:132, broadCastPing userCount: 0
[WARN]2024-03-22 14:05:16,721, [Thread-0]TIGHT_TIGHT_TIGHT.java:20, >>>>>>>>>> jvm shutdown
